#
# A fatal error has been detected by the Java Runtime Environment:
#
#  SIGSEGV (0xb) at pc=0x000000010bab9d7d, pid=17786, tid=10499
#
# JRE version: Java(TM) SE Runtime Environment (8.0_65-b17) (build 1.8.0_65-b17)
# Java VM: Java HotSpot(TM) 64-Bit Server VM (25.65-b01 mixed mode bsd-amd64 compressed oops)
# Problematic frame:
# V  [libjvm.dylib+0x4b9d7d]
#
# Failed to write core dump. Core dumps have been disabled. To enable core dumping, try "ulimit -c unlimited" before starting Java again
#
# If you would like to submit a bug report, please visit:
#   http://bugreport.java.com/bugreport/crash.jsp
#

---------------  T H R E A D  ---------------

Current thread (0x00007fc12b858800):  VMThread [stack: 0x00000001223fb000,0x00000001224fb000] [id=10499]

siginfo: si_signo: 11 (SIGSEGV), si_code: 0 (unknown), si_addr: 0x0000000000000000

Registers:
RAX=0x02f8a80d10640008, RBX=0x000000018f552f08, RCX=0x000000011c504000, RDX=0x0000000000000000
RSP=0x00000001224fa410, RBP=0x00000001224fa410, RSI=0x17c5406883200076, RDI=0x000000010bedede0
R8 =0x0000000000000000, R9 =0x00007fc1325ac200, R10=0x00000000c5b01d61, R11=0x00000000c5b0f6b1
R12=0x000000018f552c40, R13=0x000000018f552eb8, R14=0x0000000000000000, R15=0x000000010bedede0
RIP=0x000000010bab9d7d, EFLAGS=0x0000000000010202, ERR=0x0000000000000000
  TRAPNO=0x000000000000000d

Top of Stack: (sp=0x00000001224fa410)
0x00000001224fa410:   00000001224fa420 000000010b9ab021
0x00000001224fa420:   00000001224fa560 000000010ba4ca9c
0x00000001224fa430:   00000001224fa490 000000010b6a5773
0x00000001224fa440:   00000001224fa470 0000000000000000
0x00000001224fa450:   0000000000000000 0000000000000000
0x00000001224fa460:   0000000000000000 0000000000000000
0x00000001224fa470:   0000000000007fe8 00007fc132275400
0x00000001224fa480:   0000000000000000 0000000000007fd8
0x00000001224fa490:   00000001224fa4e0 000000010b6a4d30
0x00000001224fa4a0:   00000001224fa4c0 00007fff8525f187
0x00000001224fa4b0:   0000000000000000 00000001224fa518
0x00000001224fa4c0:   0000000000000010 00007fc132275400
0x00000001224fa4d0:   00007fc12b41d3e0 0000000000007fd8
0x00000001224fa4e0:   00000001224fa4f0 000000010b9ab021
0x00000001224fa4f0:   00000001224fa530 000000010ba4b955
0x00000001224fa500:   00000001224fa530 000000010ba4c8d4
0x00000001224fa510:   00000007c01824e8 000000010bedede0
0x00000001224fa520:   000000018f552c40 000000010bedede0
0x00000001224fa530:   00000001224fa560 000000010bedede0
0x00000001224fa540:   00000007c01824e8 00000007c01b8a88
0x00000001224fa550:   00000007c01a4430 000000000000000a
0x00000001224fa560:   00000001224fa590 000000010b8b7af4
0x00000001224fa570:   00000001224fa590 000000010bedede0
0x00000001224fa580:   00000001224fa5b0 00000007c01a4430
0x00000001224fa590:   00000001224fa620 000000010b9abba5
0x00000001224fa5a0:   000000010bec8c20 00000001224fa530
0x00000001224fa5b0:   000000010be25aa0 00000000000001fe
0x00000001224fa5c0:   ffffffffffffff00 0000000000000004
0x00000001224fa5d0:   0000000000000030 0000000000000000
0x00000001224fa5e0:   0000000000000000 00007fc13259a000
0x00000001224fa5f0:   0000000000000000 00000001224fa700
0x00000001224fa600:   0000000000000000 00007fc1324d9a00 

Instructions: (pc=0x000000010bab9d7d)
0x000000010bab9d5d:   48 2b 35 bc 50 42 00 48 c1 ee 03 48 d3 ee 48 89
0x000000010bab9d6d:   f0 48 83 e0 c0 48 c1 e8 03 48 8b 0d d3 50 42 00
0x000000010bab9d7d:   48 8b 04 01 48 0f a3 f0 0f 92 c0 0f b6 c0 5d c3
0x000000010bab9d8d:   90 55 48 89 e5 48 8b 06 48 8b 80 68 01 00 00 48 

Register to memory mapping:

RAX=0x02f8a80d10640008 is an unknown value
RBX=0x000000018f552f08 is pointing into metadata
RCX=0x000000011c504000 is an unknown value
RDX=0x0000000000000000 is an unknown value
RSP=0x00000001224fa410 is an unknown value
RBP=0x00000001224fa410 is an unknown value
RSI=0x17c5406883200076 is an unknown value
RDI=0x000000010bedede0: _ZN17PSParallelCompact17_is_alive_closureE+0 in /Library/Java/JavaVirtualMachines/jdk1.8.0_65.jdk/Contents/Home/jre/lib/server/libjvm.dylib at 0x000000010b600000
R8 =0x0000000000000000 is an unknown value
R9 =0x00007fc1325ac200 is an unknown value
R10=0x00000000c5b01d61 is an unknown value
R11=0x00000000c5b0f6b1 is an unknown value
R12=0x000000018f552c40 is pointing into metadata
R13=0x000000018f552eb8 is pointing into metadata
R14=0x0000000000000000 is an unknown value
R15=0x000000010bedede0: _ZN17PSParallelCompact17_is_alive_closureE+0 in /Library/Java/JavaVirtualMachines/jdk1.8.0_65.jdk/Contents/Home/jre/lib/server/libjvm.dylib at 0x000000010b600000


Stack: [0x00000001223fb000,0x00000001224fb000],  sp=0x00000001224fa410,  free space=1021k
Native frames: (J=compiled Java code, j=interpreted, Vv=VM code, C=native code)
V  [libjvm.dylib+0x4b9d7d]
V  [libjvm.dylib+0x3ab021]
V  [libjvm.dylib+0x44ca9c]
V  [libjvm.dylib+0x2b7af4]
V  [libjvm.dylib+0x3abba5]
V  [libjvm.dylib+0x4bc745]
V  [libjvm.dylib+0x4bdc19]
V  [libjvm.dylib+0x4c2234]
V  [libjvm.dylib+0x495769]
V  [libjvm.dylib+0x5a78f4]
V  [libjvm.dylib+0x5ae00d]
V  [libjvm.dylib+0x5ac677]
V  [libjvm.dylib+0x5acac4]
V  [libjvm.dylib+0x5ac3e3]
V  [libjvm.dylib+0x48342e]
C  [libsystem_pthread.dylib+0x405a]  _pthread_body+0x83
C  [libsystem_pthread.dylib+0x3fd7]  _pthread_body+0x0
C  [libsystem_pthread.dylib+0x13ed]  thread_start+0xd

VM_Operation (0x00000001901fa848): ParallelGCFailedAllocation, mode: safepoint, requested by thread 0x00007fc12c6dd000


---------------  P R O C E S S  ---------------

Java Threads: ( => current thread )
  0x00007fc12c6dd000 JavaThread "AWT-EventQueue-0" [_thread_blocked, id=38807, stack(0x0000000190100000,0x0000000190200000)]
  0x00007fc1390a3000 JavaThread "SwingWorker-pool-1-thread-10" daemon [_thread_blocked, id=62755, stack(0x000000018fffd000,0x00000001900fd000)]
  0x00007fc1377e0000 JavaThread "SwingWorker-pool-1-thread-9" daemon [_thread_blocked, id=63679, stack(0x000000018e72d000,0x000000018e82d000)]
  0x00007fc12c27a800 JavaThread "SwingWorker-pool-1-thread-8" daemon [_thread_blocked, id=63395, stack(0x00000001910ab000,0x00000001911ab000)]
  0x00007fc139236000 JavaThread "SwingWorker-pool-1-thread-7" daemon [_thread_blocked, id=51639, stack(0x0000000191289000,0x0000000191389000)]
  0x00007fc1375ef800 JavaThread "SwingWorker-pool-1-thread-6" daemon [_thread_blocked, id=61703, stack(0x0000000190992000,0x0000000190a92000)]
  0x00007fc1370b7800 JavaThread "SwingWorker-pool-1-thread-5" daemon [_thread_blocked, id=39655, stack(0x000000019088f000,0x000000019098f000)]
  0x00007fc139007800 JavaThread "SwingWorker-pool-1-thread-4" daemon [_thread_blocked, id=60519, stack(0x000000018ed47000,0x000000018ee47000)]
  0x00007fc12c28c800 JavaThread "SwingWorker-pool-1-thread-3" daemon [_thread_blocked, id=60335, stack(0x0000000190c4d000,0x0000000190d4d000)]
  0x00007fc12bef2800 JavaThread "SwingWorker-pool-1-thread-2" daemon [_thread_blocked, id=38555, stack(0x000000018fd1f000,0x000000018fe1f000)]
  0x00007fc139193000 JavaThread "SwingWorker-pool-1-thread-1" daemon [_thread_blocked, id=25703, stack(0x000000018fefa000,0x000000018fffa000)]
  0x00007fc12be5f000 JavaThread "TimerQueue" daemon [_thread_blocked, id=59939, stack(0x000000018cc6c000,0x000000018cd6c000)]
  0x00007fc12ba2a000 JavaThread "Java2D Disposer" daemon [_thread_blocked, id=54543, stack(0x000000012a5c9000,0x000000012a6c9000)]
  0x00007fc12ba1a000 JavaThread "Java2D Queue Flusher" daemon [_thread_blocked, id=52743, stack(0x00000001295f7000,0x00000001296f7000)]
  0x00007fc12c1c8000 JavaThread "DestroyJavaVM" [_thread_blocked, id=4867, stack(0x000000010c58a000,0x000000010c68a000)]
  0x00007fc12c003000 JavaThread "AWT-Shutdown" [_thread_blocked, id=29715, stack(0x0000000126acc000,0x0000000126bcc000)]
  0x00007fc12b966800 JavaThread "AppKit Thread" daemon [_thread_in_native, id=1811, stack(0x00007fff547cb000,0x00007fff54fcb000)]
  0x00007fc12b872000 JavaThread "Service Thread" daemon [_thread_blocked, id=19459, stack(0x000000012471a000,0x000000012481a000)]
  0x00007fc12c033000 JavaThread "C1 CompilerThread2" daemon [_thread_blocked, id=18947, stack(0x0000000124617000,0x0000000124717000)]
  0x00007fc12c031800 JavaThread "C2 CompilerThread1" daemon [_thread_blocked, id=18435, stack(0x0000000124514000,0x0000000124614000)]
  0x00007fc12d001000 JavaThread "C2 CompilerThread0" daemon [_thread_blocked, id=17923, stack(0x0000000124411000,0x0000000124511000)]
  0x00007fc12c030800 JavaThread "JDWP Command Reader" daemon [_thread_in_native, id=17411, stack(0x000000012430e000,0x000000012440e000)]
  0x00007fc12d003000 JavaThread "JDWP Event Helper Thread" daemon [_thread_blocked, id=16899, stack(0x000000012420b000,0x000000012430b000)]
  0x00007fc12c802800 JavaThread "JDWP Transport Listener: dt_socket" daemon [_thread_blocked, id=16143, stack(0x0000000124108000,0x0000000124208000)]
  0x00007fc12b869000 JavaThread "Signal Dispatcher" daemon [_thread_blocked, id=12307, stack(0x0000000124005000,0x0000000124105000)]
  0x00007fc12c017000 JavaThread "Finalizer" daemon [_thread_blocked, id=11523, stack(0x0000000122601000,0x0000000122701000)]
  0x00007fc12b85b000 JavaThread "Reference Handler" daemon [_thread_blocked, id=11011, stack(0x00000001224fe000,0x00000001225fe000)]

Other Threads:
=>0x00007fc12b858800 VMThread [stack: 0x00000001223fb000,0x00000001224fb000] [id=10499]
  0x00007fc12c801800 WatcherThread [stack: 0x000000012481d000,0x000000012491d000] [id=19971]

VM state:at safepoint (normal execution)

VM Mutex/Monitor currently owned by a thread:  ([mutex/lock_event])
[0x00007fc12b40a5b0] Threads_lock - owner thread: 0x00007fc12b858800
[0x00007fc12b40aab0] Heap_lock - owner thread: 0x00007fc12c6dd000

Heap:
 PSYoungGen      total 675328K, used 9426K [0x0000000795580000, 0x00000007c0000000, 0x00000007c0000000)
  eden space 654848K, 0% used [0x0000000795580000,0x0000000795580000,0x00000007bd500000)
  from space 20480K, 46% used [0x00000007bec00000,0x00000007bf534938,0x00000007c0000000)
  to   space 22016K, 0% used [0x00000007bd500000,0x00000007bd500000,0x00000007bea80000)
 ParOldGen       total 134144K, used 130142K [0x0000000740000000, 0x0000000748300000, 0x0000000795580000)
  object space 134144K, 97% used [0x0000000740000000,0x0000000747f17a50,0x0000000748300000)
 Metaspace       used 21681K, capacity 21900K, committed 22320K, reserved 1069056K
  class space    used 2342K, capacity 2420K, committed 2432K, reserved 1048576K

Card table byte_map: [0x000000011ba4c000,0x000000011be4d000] byte_map_base: 0x000000011804c000

Marking Bits: (ParMarkBitMap*) 0x000000010bedee20
 Begin Bits: [0x000000011c504000, 0x000000011e504000)
 End Bits:   [0x000000011e504000, 0x0000000120504000)

Polling page: 0x000000010ad8e000

CodeCache: size=245760Kb used=25808Kb max_used=26240Kb free=219951Kb
 bounds [0x000000010c68c000, 0x000000010e0cc000, 0x000000011b68c000]
 total_blobs=5921 nmethods=5343 adapters=494
 compilation: enabled

Compilation events (10 events):
Event: 4574.315 Thread 0x00007fc12c031800 nmethod 7868 0x000000010de1ead0 code [0x000000010de1eee0, 0x000000010de22fb8]
Event: 4574.319 Thread 0x00007fc12d001000 7877       4       info.fulloo.trygve.run_time.RTClass::makeDouble (42 bytes)
Event: 4574.320 Thread 0x00007fc12d001000 nmethod 7877 0x000000010cd31c10 code [0x000000010cd31d60, 0x000000010cd31dd8]
Event: 4574.337 Thread 0x00007fc12c031800 7878       4       info.fulloo.trygve.run_time.RTObjectCommon$RTContextObject::getRoleOrStagePropBinding (66 bytes)
Event: 4574.367 Thread 0x00007fc12d001000 7879       4       info.fulloo.trygve.run_time.RTMessageDispatcher::getRoleMethodDecl (155 bytes)
Event: 4574.432 Thread 0x00007fc12c031800 nmethod 7878 0x000000010d957490 code [0x000000010d957820, 0x000000010d95ab50]
Event: 4574.432 Thread 0x00007fc12c031800 7881   !   4       javax.swing.text.DefaultStyledDocument::insertUpdate (830 bytes)
Event: 4574.440 Thread 0x00007fc12d001000 nmethod 7879 0x000000010df20e90 code [0x000000010df21180, 0x000000010df230c0]
Event: 4574.440 Thread 0x00007fc12d001000 7880       4       info.fulloo.trygve.declarations.Type$StagePropType::canBeConvertedFrom (190 bytes)
Event: 4574.563 Thread 0x00007fc12d001000 nmethod 7880 0x000000010d2dbf10 code [0x000000010d2dc2e0, 0x000000010d2e0470]

GC Heap History (10 events):
Event: 4570.854 GC heap after
Heap after GC invocations=91 (full 3):
 PSYoungGen      total 680448K, used 640K [0x0000000795580000, 0x00000007c0000000, 0x00000007c0000000)
  eden space 661504K, 0% used [0x0000000795580000,0x0000000795580000,0x00000007bdb80000)
  from space 18944K, 3% used [0x00000007bed80000,0x00000007bee20000,0x00000007c0000000)
  to   space 18432K, 0% used [0x00000007bdb80000,0x00000007bdb80000,0x00000007bed80000)
 ParOldGen       total 134144K, used 124651K [0x0000000740000000, 0x0000000748300000, 0x0000000795580000)
  object space 134144K, 92% used [0x0000000740000000,0x00000007479bad40,0x0000000748300000)
 Metaspace       used 21675K, capacity 21900K, committed 22320K, reserved 1069056K
  class space    used 2342K, capacity 2420K, committed 2432K, reserved 1048576K
}
Event: 4571.856 GC heap before
{Heap before GC invocations=92 (full 3):
 PSYoungGen      total 680448K, used 662144K [0x0000000795580000, 0x00000007c0000000, 0x00000007c0000000)
  eden space 661504K, 100% used [0x0000000795580000,0x00000007bdb80000,0x00000007bdb80000)
  from space 18944K, 3% used [0x00000007bed80000,0x00000007bee20000,0x00000007c0000000)
  to   space 18432K, 0% used [0x00000007bdb80000,0x00000007bdb80000,0x00000007bed80000)
 ParOldGen       total 134144K, used 124651K [0x0000000740000000, 0x0000000748300000, 0x0000000795580000)
  object space 134144K, 92% used [0x0000000740000000,0x00000007479bad40,0x0000000748300000)
 Metaspace       used 21677K, capacity 21900K, committed 22320K, reserved 1069056K
  class space    used 2342K, capacity 2420K, committed 2432K, reserved 1048576K
Event: 4571.871 GC heap after
Heap after GC invocations=92 (full 3):
 PSYoungGen      total 673792K, used 12079K [0x0000000795580000, 0x00000007c0000000, 0x00000007c0000000)
  eden space 661504K, 0% used [0x0000000795580000,0x0000000795580000,0x00000007bdb80000)
  from space 12288K, 98% used [0x00000007bdb80000,0x00000007be74bf98,0x00000007be780000)
  to   space 19456K, 0% used [0x00000007bed00000,0x00000007bed00000,0x00000007c0000000)
 ParOldGen       total 134144K, used 125211K [0x0000000740000000, 0x0000000748300000, 0x0000000795580000)
  object space 134144K, 93% used [0x0000000740000000,0x0000000747a46d40,0x0000000748300000)
 Metaspace       used 21677K, capacity 21900K, committed 22320K, reserved 1069056K
  class space    used 2342K, capacity 2420K, committed 2432K, reserved 1048576K
}
Event: 4572.789 GC heap before
{Heap before GC invocations=93 (full 3):
 PSYoungGen      total 673792K, used 673583K [0x0000000795580000, 0x00000007c0000000, 0x00000007c0000000)
  eden space 661504K, 100% used [0x0000000795580000,0x00000007bdb80000,0x00000007bdb80000)
  from space 12288K, 98% used [0x00000007bdb80000,0x00000007be74bf98,0x00000007be780000)
  to   space 19456K, 0% used [0x00000007bed00000,0x00000007bed00000,0x00000007c0000000)
 ParOldGen       total 134144K, used 125211K [0x0000000740000000, 0x0000000748300000, 0x0000000795580000)
  object space 134144K, 93% used [0x0000000740000000,0x0000000747a46d40,0x0000000748300000)
 Metaspace       used 21677K, capacity 21900K, committed 22320K, reserved 1069056K
  class space    used 2342K, capacity 2420K, committed 2432K, reserved 1048576K
Event: 4572.795 GC heap after
Heap after GC invocations=93 (full 3):
 PSYoungGen      total 679424K, used 512K [0x0000000795580000, 0x00000007c0000000, 0x00000007c0000000)
  eden space 659968K, 0% used [0x0000000795580000,0x0000000795580000,0x00000007bda00000)
  from space 19456K, 2% used [0x00000007bed00000,0x00000007bed80000,0x00000007c0000000)
  to   space 19456K, 0% used [0x00000007bda00000,0x00000007bda00000,0x00000007bed00000)
 ParOldGen       total 134144K, used 128138K [0x0000000740000000, 0x0000000748300000, 0x0000000795580000)
  object space 134144K, 95% used [0x0000000740000000,0x0000000747d22a38,0x0000000748300000)
 Metaspace       used 21677K, capacity 21900K, committed 22320K, reserved 1069056K
  class space    used 2342K, capacity 2420K, committed 2432K, reserved 1048576K
}
Event: 4573.743 GC heap before
{Heap before GC invocations=94 (full 3):
 PSYoungGen      total 679424K, used 660480K [0x0000000795580000, 0x00000007c0000000, 0x00000007c0000000)
  eden space 659968K, 100% used [0x0000000795580000,0x00000007bda00000,0x00000007bda00000)
  from space 19456K, 2% used [0x00000007bed00000,0x00000007bed80000,0x00000007c0000000)
  to   space 19456K, 0% used [0x00000007bda00000,0x00000007bda00000,0x00000007bed00000)
 ParOldGen       total 134144K, used 128138K [0x0000000740000000, 0x0000000748300000, 0x0000000795580000)
  object space 134144K, 95% used [0x0000000740000000,0x0000000747d22a38,0x0000000748300000)
 Metaspace       used 21680K, capacity 21900K, committed 22320K, reserved 1069056K
  class space    used 2342K, capacity 2420K, committed 2432K, reserved 1048576K
Event: 4573.760 GC heap after
Heap after GC invocations=94 (full 3):
 PSYoungGen      total 678400K, used 17953K [0x0000000795580000, 0x00000007c0000000, 0x00000007c0000000)
  eden space 659968K, 0% used [0x0000000795580000,0x0000000795580000,0x00000007bda00000)
  from space 18432K, 97% used [0x00000007bda00000,0x00000007beb88578,0x00000007bec00000)
  to   space 20480K, 0% used [0x00000007bec00000,0x00000007bec00000,0x00000007c0000000)
 ParOldGen       total 134144K, used 128490K [0x0000000740000000, 0x0000000748300000, 0x0000000795580000)
  object space 134144K, 95% used [0x0000000740000000,0x0000000747d7aa38,0x0000000748300000)
 Metaspace       used 21680K, capacity 21900K, committed 22320K, reserved 1069056K
  class space    used 2342K, capacity 2420K, committed 2432K, reserved 1048576K
}
Event: 4574.701 GC heap before
{Heap before GC invocations=95 (full 3):
 PSYoungGen      total 678400K, used 677921K [0x0000000795580000, 0x00000007c0000000, 0x00000007c0000000)
  eden space 659968K, 100% used [0x0000000795580000,0x00000007bda00000,0x00000007bda00000)
  from space 18432K, 97% used [0x00000007bda00000,0x00000007beb88578,0x00000007bec00000)
  to   space 20480K, 0% used [0x00000007bec00000,0x00000007bec00000,0x00000007c0000000)
 ParOldGen       total 134144K, used 128490K [0x0000000740000000, 0x0000000748300000, 0x0000000795580000)
  object space 134144K, 95% used [0x0000000740000000,0x0000000747d7aa38,0x0000000748300000)
 Metaspace       used 21681K, capacity 21900K, committed 22320K, reserved 1069056K
  class space    used 2342K, capacity 2420K, committed 2432K, reserved 1048576K
Event: 4574.728 GC heap after
Heap after GC invocations=95 (full 3):
 PSYoungGen      total 675328K, used 9426K [0x0000000795580000, 0x00000007c0000000, 0x00000007c0000000)
  eden space 654848K, 0% used [0x0000000795580000,0x0000000795580000,0x00000007bd500000)
  from space 20480K, 46% used [0x00000007bec00000,0x00000007bf534938,0x00000007c0000000)
  to   space 22016K, 0% used [0x00000007bd500000,0x00000007bd500000,0x00000007bea80000)
 ParOldGen       total 134144K, used 130142K [0x0000000740000000, 0x0000000748300000, 0x0000000795580000)
  object space 134144K, 97% used [0x0000000740000000,0x0000000747f17a50,0x0000000748300000)
 Metaspace       used 21681K, capacity 21900K, committed 22320K, reserved 1069056K
  class space    used 2342K, capacity 2420K, committed 2432K, reserved 1048576K
}
Event: 4574.728 GC heap before
{Heap before GC invocations=96 (full 4):
 PSYoungGen      total 675328K, used 9426K [0x0000000795580000, 0x00000007c0000000, 0x00000007c0000000)
  eden space 654848K, 0% used [0x0000000795580000,0x0000000795580000,0x00000007bd500000)
  from space 20480K, 46% used [0x00000007bec00000,0x00000007bf534938,0x00000007c0000000)
  to   space 22016K, 0% used [0x00000007bd500000,0x00000007bd500000,0x00000007bea80000)
 ParOldGen       total 134144K, used 130142K [0x0000000740000000, 0x0000000748300000, 0x0000000795580000)
  object space 134144K, 97% used [0x0000000740000000,0x0000000747f17a50,0x0000000748300000)
 Metaspace       used 21681K, capacity 21900K, committed 22320K, reserved 1069056K
  class space    used 2342K, capacity 2420K, committed 2432K, reserved 1048576K

Deoptimization events (10 events):
Event: 4574.249 Thread 0x00007fc12c6dd000 Uncommon trap: reason=unhandled action=none pc=0x000000010d7988cc method=java.lang.Integer.parseInt(Ljava/lang/String;I)I @ 204
Event: 4574.249 Thread 0x00007fc12c6dd000 Uncommon trap: reason=unhandled action=none pc=0x000000010d7988cc method=java.lang.Integer.parseInt(Ljava/lang/String;I)I @ 204
Event: 4574.249 Thread 0x00007fc12c6dd000 Uncommon trap: reason=unhandled action=none pc=0x000000010d7988cc method=java.lang.Integer.parseInt(Ljava/lang/String;I)I @ 204
Event: 4574.250 Thread 0x00007fc12c6dd000 Uncommon trap: reason=unhandled action=none pc=0x000000010d7988cc method=java.lang.Integer.parseInt(Ljava/lang/String;I)I @ 204
Event: 4574.250 Thread 0x00007fc12c6dd000 Uncommon trap: reason=unhandled action=none pc=0x000000010d7988cc method=java.lang.Integer.parseInt(Ljava/lang/String;I)I @ 204
Event: 4574.250 Thread 0x00007fc12c6dd000 Uncommon trap: reason=unhandled action=none pc=0x000000010d7988cc method=java.lang.Integer.parseInt(Ljava/lang/String;I)I @ 204
Event: 4574.250 Thread 0x00007fc12c6dd000 Uncommon trap: reason=unhandled action=none pc=0x000000010d7988cc method=java.lang.Integer.parseInt(Ljava/lang/String;I)I @ 204
Event: 4574.250 Thread 0x00007fc12c6dd000 Uncommon trap: reason=unhandled action=none pc=0x000000010d7988cc method=java.lang.Integer.parseInt(Ljava/lang/String;I)I @ 204
Event: 4574.251 Thread 0x00007fc12c6dd000 Uncommon trap: reason=unhandled action=none pc=0x000000010d7988cc method=java.lang.Integer.parseInt(Ljava/lang/String;I)I @ 204
Event: 4574.251 Thread 0x00007fc12c6dd000 Uncommon trap: reason=unhandled action=none pc=0x000000010d7988cc method=java.lang.Integer.parseInt(Ljava/lang/String;I)I @ 204

Internal exceptions (10 events):
Event: 4279.208 Thread 0x00007fc137788800 Exception <a 'java/lang/NullPointerException'> (0x00000007982cf8b0) thrown at [/Users/java_re/workspace/8-2-build-macosx-x86_64/jdk8u65/4987/hotspot/src/share/vm/prims/jvm.cpp, line 1390]
Event: 4279.208 Thread 0x00007fc137788800 Exception <a 'java/lang/NullPointerException'> (0x00000007982cf8b0) thrown at [/Users/java_re/workspace/8-2-build-macosx-x86_64/jdk8u65/4987/hotspot/src/share/vm/prims/jvm.cpp, line 1390]
Event: 4293.093 Thread 0x00007fc137788800 Exception <a 'java/lang/NullPointerException'> (0x00000007ae264a00) thrown at [/Users/java_re/workspace/8-2-build-macosx-x86_64/jdk8u65/4987/hotspot/src/share/vm/interpreter/linkResolver.cpp, line 1178]
Event: 4296.732 Thread 0x00007fc137788800 Exception <a 'java/lang/NullPointerException'> (0x00000007ae264a00) thrown at [/Users/java_re/workspace/8-2-build-macosx-x86_64/jdk8u65/4987/hotspot/src/share/vm/prims/jvm.cpp, line 1390]
Event: 4296.732 Thread 0x00007fc137788800 Exception <a 'java/lang/NullPointerException'> (0x00000007ae264a00) thrown at [/Users/java_re/workspace/8-2-build-macosx-x86_64/jdk8u65/4987/hotspot/src/share/vm/prims/jvm.cpp, line 1390]
Event: 4354.288 Thread 0x00007fc137788800 Exception <a 'java/lang/AssertionError'> (0x000000079f9ec8a0) thrown at [/Users/java_re/workspace/8-2-build-macosx-x86_64/jdk8u65/4987/hotspot/src/share/vm/prims/jvm.cpp, line 1390]
Event: 4354.289 Thread 0x00007fc137788800 Exception <a 'java/lang/AssertionError'> (0x000000079f9ec8a0) thrown at [/Users/java_re/workspace/8-2-build-macosx-x86_64/jdk8u65/4987/hotspot/src/share/vm/prims/jvm.cpp, line 1390]
Event: 4359.177 Thread 0x00007fc137788800 Exception <a 'java/lang/AssertionError'> (0x00000007b5825b28) thrown at [/Users/java_re/workspace/8-2-build-macosx-x86_64/jdk8u65/4987/hotspot/src/share/vm/prims/jvm.cpp, line 1390]
Event: 4359.178 Thread 0x00007fc137788800 Exception <a 'java/lang/AssertionError'> (0x00000007b5825b28) thrown at [/Users/java_re/workspace/8-2-build-macosx-x86_64/jdk8u65/4987/hotspot/src/share/vm/prims/jvm.cpp, line 1390]
Event: 4524.612 Thread 0x00007fc137788800 Implicit null exception at 0x000000010d51cb54 to 0x000000010d51d9e1

Events (10 events):
Event: 4574.251 Thread 0x00007fc12c6dd000 DEOPT PACKING pc=0x000000010d524b28 sp=0x00000001901fc5f0
Event: 4574.251 Thread 0x00007fc12c6dd000 DEOPT UNPACKING pc=0x000000010c6d3633 sp=0x00000001901fc280 mode 1
Event: 4574.251 Thread 0x00007fc12c6dd000 Uncommon trap: trap_request=0xffffffa7 fr.pc=0x000000010d7988cc
Event: 4574.251 Thread 0x00007fc12c6dd000 DEOPT PACKING pc=0x000000010d7988cc sp=0x00000001901fc6c0
Event: 4574.251 Thread 0x00007fc12c6dd000 DEOPT UNPACKING pc=0x000000010c691229 sp=0x00000001901fc678 mode 2
Event: 4574.251 Thread 0x00007fc12c6dd000 DEOPT PACKING pc=0x000000010d524b28 sp=0x00000001901fc730
Event: 4574.251 Thread 0x00007fc12c6dd000 DEOPT UNPACKING pc=0x000000010c6d3633 sp=0x00000001901fc3c0 mode 1
Event: 4574.385 Thread 0x00007fc12c6dd000 DEOPT PACKING pc=0x000000010d6b89be sp=0x00000001901fcf30
Event: 4574.385 Thread 0x00007fc12c6dd000 DEOPT UNPACKING pc=0x000000010c6d3633 sp=0x00000001901fcd80 mode 0
Event: 4574.701 Executing VM operation: ParallelGCFailedAllocation


Dynamic libraries:
0x0000000005192000 	/System/Library/Frameworks/Cocoa.framework/Versions/A/Cocoa
0x0000000005192000 	/System/Library/Frameworks/Security.framework/Versions/A/Security
0x0000000005192000 	/System/Library/Frameworks/ApplicationServices.framework/Versions/A/ApplicationServices
0x0000000005192000 	/usr/lib/libz.1.dylib
0x0000000005192000 	/usr/lib/libSystem.B.dylib
0x0000000005192000 	/usr/lib/libobjc.A.dylib
0x0000000005192000 	/System/Library/Frameworks/CoreFoundation.framework/Versions/A/CoreFoundation
0x0000000005192000 	/System/Library/Frameworks/Foundation.framework/Versions/C/Foundation
0x0000000005192000 	/System/Library/Frameworks/AppKit.framework/Versions/C/AppKit
0x0000000005192000 	/System/Library/Frameworks/CoreData.framework/Versions/A/CoreData
0x0000000005192000 	/System/Library/PrivateFrameworks/RemoteViewServices.framework/Versions/A/RemoteViewServices
0x0000000005192000 	/System/Library/PrivateFrameworks/UIFoundation.framework/Versions/A/UIFoundation
0x0000000005192000 	/System/Library/Frameworks/IOSurface.framework/Versions/A/IOSurface
0x0000000005192000 	/System/Library/Frameworks/AudioToolbox.framework/Versions/A/AudioToolbox
0x0000000005192000 	/System/Library/Frameworks/AudioUnit.framework/Versions/A/AudioUnit
0x0000000005192000 	/System/Library/PrivateFrameworks/DataDetectorsCore.framework/Versions/A/DataDetectorsCore
0x0000000005192000 	/System/Library/PrivateFrameworks/DesktopServicesPriv.framework/Versions/A/DesktopServicesPriv
0x0000000005192000 	/System/Library/Frameworks/Carbon.framework/Versions/A/Frameworks/HIToolbox.framework/Versions/A/HIToolbox
0x0000000005192000 	/System/Library/Frameworks/QuartzCore.framework/Versions/A/QuartzCore
0x0000000005192000 	/System/Library/Frameworks/Carbon.framework/Versions/A/Frameworks/SpeechRecognition.framework/Versions/A/SpeechRecognition
0x0000000005192000 	/usr/lib/libauto.dylib
0x0000000005192000 	/usr/lib/libicucore.A.dylib
0x0000000005192000 	/usr/lib/libxml2.2.dylib
0x0000000005192000 	/System/Library/PrivateFrameworks/CoreUI.framework/Versions/A/CoreUI
0x0000000005192000 	/System/Library/Frameworks/CoreAudio.framework/Versions/A/CoreAudio
0x0000000005192000 	/System/Library/Frameworks/DiskArbitration.framework/Versions/A/DiskArbitration
0x0000000005192000 	/usr/lib/liblangid.dylib
0x0000000005192000 	/System/Library/PrivateFrameworks/MultitouchSupport.framework/Versions/A/MultitouchSupport
0x0000000005192000 	/System/Library/Frameworks/IOKit.framework/Versions/A/IOKit
0x0000000005192000 	/usr/lib/libDiagnosticMessagesClient.dylib
0x0000000005192000 	/System/Library/Frameworks/CoreServices.framework/Versions/A/CoreServices
0x0000000005192000 	/System/Library/PrivateFrameworks/PerformanceAnalysis.framework/Versions/A/PerformanceAnalysis
0x0000000005192000 	/System/Library/PrivateFrameworks/GenerationalStorage.framework/Versions/A/GenerationalStorage
0x0000000005192000 	/System/Library/Frameworks/OpenGL.framework/Versions/A/OpenGL
0x0000000005192000 	/System/Library/PrivateFrameworks/Sharing.framework/Versions/A/Sharing
0x0000000005192000 	/System/Library/Frameworks/CoreGraphics.framework/Versions/A/CoreGraphics
0x0000000005192000 	/System/Library/Frameworks/CoreText.framework/Versions/A/CoreText
0x0000000005192000 	/System/Library/Frameworks/ImageIO.framework/Versions/A/ImageIO
0x0000000005192000 	/usr/lib/libextension.dylib
0x0000000005192000 	/System/Library/PrivateFrameworks/Backup.framework/Versions/A/Backup
0x0000000005192000 	/usr/lib/libarchive.2.dylib
0x0000000005192000 	/System/Library/Frameworks/CFNetwork.framework/Versions/A/CFNetwork
0x0000000005192000 	/System/Library/Frameworks/SystemConfiguration.framework/Versions/A/SystemConfiguration
0x0000000005192000 	/usr/lib/libCRFSuite.dylib
0x0000000005192000 	/usr/lib/libc++.1.dylib
0x0000000005192000 	/usr/lib/libc++abi.dylib
0x0000000005192000 	/usr/lib/system/libcache.dylib
0x0000000005192000 	/usr/lib/system/libcommonCrypto.dylib
0x0000000005192000 	/usr/lib/system/libcompiler_rt.dylib
0x0000000005192000 	/usr/lib/system/libcopyfile.dylib
0x0000000005192000 	/usr/lib/system/libcorecrypto.dylib
0x0000000005192000 	/usr/lib/system/libdispatch.dylib
0x0000000005192000 	/usr/lib/system/libdyld.dylib
0x0000000005192000 	/usr/lib/system/libkeymgr.dylib
0x0000000005192000 	/usr/lib/system/liblaunch.dylib
0x0000000005192000 	/usr/lib/system/libmacho.dylib
0x0000000005192000 	/usr/lib/system/libquarantine.dylib
0x0000000005192000 	/usr/lib/system/libremovefile.dylib
0x0000000005192000 	/usr/lib/system/libsystem_asl.dylib
0x0000000005192000 	/usr/lib/system/libsystem_blocks.dylib
0x0000000005192000 	/usr/lib/system/libsystem_c.dylib
0x0000000005192000 	/usr/lib/system/libsystem_configuration.dylib
0x0000000005192000 	/usr/lib/system/libsystem_coreservices.dylib
0x0000000005192000 	/usr/lib/system/libsystem_coretls.dylib
0x0000000005192000 	/usr/lib/system/libsystem_dnssd.dylib
0x0000000005192000 	/usr/lib/system/libsystem_info.dylib
0x0000000005192000 	/usr/lib/system/libsystem_kernel.dylib
0x0000000005192000 	/usr/lib/system/libsystem_m.dylib
0x0000000005192000 	/usr/lib/system/libsystem_malloc.dylib
0x0000000005192000 	/usr/lib/system/libsystem_network.dylib
0x0000000005192000 	/usr/lib/system/libsystem_networkextension.dylib
0x0000000005192000 	/usr/lib/system/libsystem_notify.dylib
0x0000000005192000 	/usr/lib/system/libsystem_platform.dylib
0x0000000005192000 	/usr/lib/system/libsystem_pthread.dylib
0x0000000005192000 	/usr/lib/system/libsystem_sandbox.dylib
0x0000000005192000 	/usr/lib/system/libsystem_secinit.dylib
0x0000000005192000 	/usr/lib/system/libsystem_stats.dylib
0x0000000005192000 	/usr/lib/system/libsystem_trace.dylib
0x0000000005192000 	/usr/lib/system/libunc.dylib
0x0000000005192000 	/usr/lib/system/libunwind.dylib
0x0000000005192000 	/usr/lib/system/libxpc.dylib
0x0000000005192000 	/usr/lib/libbz2.1.0.dylib
0x0000000005192000 	/usr/lib/liblzma.5.dylib
0x0000000005192000 	/usr/lib/libbsm.0.dylib
0x0000000005192000 	/usr/lib/libsqlite3.dylib
0x0000000005192000 	/usr/lib/system/libkxld.dylib
0x0000000005192000 	/usr/lib/libxar.1.dylib
0x0000000005192000 	/usr/lib/libpam.2.dylib
0x0000000005192000 	/usr/lib/libOpenScriptingUtil.dylib
0x0000000005192000 	/System/Library/Frameworks/CoreServices.framework/Versions/A/Frameworks/FSEvents.framework/Versions/A/FSEvents
0x0000000005192000 	/System/Library/Frameworks/CoreServices.framework/Versions/A/Frameworks/CarbonCore.framework/Versions/A/CarbonCore
0x0000000005192000 	/System/Library/Frameworks/CoreServices.framework/Versions/A/Frameworks/Metadata.framework/Versions/A/Metadata
0x0000000005192000 	/System/Library/Frameworks/CoreServices.framework/Versions/A/Frameworks/OSServices.framework/Versions/A/OSServices
0x0000000005192000 	/System/Library/Frameworks/CoreServices.framework/Versions/A/Frameworks/SearchKit.framework/Versions/A/SearchKit
0x0000000005192000 	/System/Library/Frameworks/CoreServices.framework/Versions/A/Frameworks/AE.framework/Versions/A/AE
0x0000000005192000 	/System/Library/Frameworks/CoreServices.framework/Versions/A/Frameworks/LaunchServices.framework/Versions/A/LaunchServices
0x0000000005192000 	/System/Library/Frameworks/CoreServices.framework/Versions/A/Frameworks/DictionaryServices.framework/Versions/A/DictionaryServices
0x0000000005192000 	/System/Library/Frameworks/NetFS.framework/Versions/A/NetFS
0x0000000005192000 	/System/Library/PrivateFrameworks/NetAuth.framework/Versions/A/NetAuth
0x0000000005192000 	/System/Library/PrivateFrameworks/login.framework/Versions/A/Frameworks/loginsupport.framework/Versions/A/loginsupport
0x0000000005192000 	/System/Library/PrivateFrameworks/TCC.framework/Versions/A/TCC
0x0000000005192000 	/usr/lib/libmecabra.dylib
0x0000000005192000 	/System/Library/Frameworks/ApplicationServices.framework/Versions/A/Frameworks/ATS.framework/Versions/A/ATS
0x0000000005192000 	/System/Library/Frameworks/ApplicationServices.framework/Versions/A/Frameworks/ColorSync.framework/Versions/A/ColorSync
0x0000000005192000 	/System/Library/Frameworks/ApplicationServices.framework/Versions/A/Frameworks/HIServices.framework/Versions/A/HIServices
0x0000000005192000 	/System/Library/Frameworks/ApplicationServices.framework/Versions/A/Frameworks/LangAnalysis.framework/Versions/A/LangAnalysis
0x0000000005192000 	/System/Library/Frameworks/ApplicationServices.framework/Versions/A/Frameworks/PrintCore.framework/Versions/A/PrintCore
0x0000000005192000 	/System/Library/Frameworks/ApplicationServices.framework/Versions/A/Frameworks/QD.framework/Versions/A/QD
0x0000000005192000 	/System/Library/Frameworks/ApplicationServices.framework/Versions/A/Frameworks/SpeechSynthesis.framework/Versions/A/SpeechSynthesis
0x0000000005192000 	/System/Library/Frameworks/Accelerate.framework/Versions/A/Accelerate
0x0000000005192000 	/System/Library/Frameworks/Accelerate.framework/Versions/A/Frameworks/vImage.framework/Versions/A/vImage
0x0000000005192000 	/System/Library/Frameworks/Accelerate.framework/Versions/A/Frameworks/vecLib.framework/Versions/A/vecLib
0x0000000005192000 	/System/Library/Frameworks/Accelerate.framework/Versions/A/Frameworks/vecLib.framework/Versions/A/libvDSP.dylib
0x0000000005192000 	/System/Library/Frameworks/Accelerate.framework/Versions/A/Frameworks/vecLib.framework/Versions/A/libvMisc.dylib
0x0000000005192000 	/System/Library/Frameworks/Accelerate.framework/Versions/A/Frameworks/vecLib.framework/Versions/A/libLAPACK.dylib
0x0000000005192000 	/System/Library/Frameworks/Accelerate.framework/Versions/A/Frameworks/vecLib.framework/Versions/A/libBLAS.dylib
0x0000000005192000 	/System/Library/Frameworks/Accelerate.framework/Versions/A/Frameworks/vecLib.framework/Versions/A/libLinearAlgebra.dylib
0x0000000005192000 	/System/Library/Frameworks/ApplicationServices.framework/Versions/A/Frameworks/ATS.framework/Versions/A/Resources/libFontParser.dylib
0x0000000005192000 	/System/Library/Frameworks/ApplicationServices.framework/Versions/A/Frameworks/ATS.framework/Versions/A/Resources/libFontRegistry.dylib
0x0000000005192000 	/System/Library/PrivateFrameworks/AppleVPA.framework/Versions/A/AppleVPA
0x0000000005192000 	/System/Library/PrivateFrameworks/AppleJPEG.framework/Versions/A/AppleJPEG
0x0000000005192000 	/System/Library/Frameworks/ImageIO.framework/Versions/A/Resources/libJPEG.dylib
0x0000000005192000 	/System/Library/Frameworks/ImageIO.framework/Versions/A/Resources/libTIFF.dylib
0x0000000005192000 	/System/Library/Frameworks/ImageIO.framework/Versions/A/Resources/libPng.dylib
0x0000000005192000 	/System/Library/Frameworks/ImageIO.framework/Versions/A/Resources/libGIF.dylib
0x0000000005192000 	/System/Library/Frameworks/ImageIO.framework/Versions/A/Resources/libJP2.dylib
0x0000000005192000 	/System/Library/Frameworks/ImageIO.framework/Versions/A/Resources/libRadiance.dylib
0x0000000005192000 	/System/Library/Frameworks/CoreVideo.framework/Versions/A/CoreVideo
0x0000000005192000 	/System/Library/Frameworks/OpenGL.framework/Versions/A/Libraries/libGLU.dylib
0x0000000005192000 	/System/Library/Frameworks/OpenGL.framework/Versions/A/Libraries/libGFXShared.dylib
0x0000000005192000 	/System/Library/Frameworks/OpenGL.framework/Versions/A/Libraries/libGL.dylib
0x0000000005192000 	/System/Library/Frameworks/OpenGL.framework/Versions/A/Libraries/libGLImage.dylib
0x0000000005192000 	/System/Library/Frameworks/OpenGL.framework/Versions/A/Libraries/libCVMSPluginSupport.dylib
0x0000000005192000 	/System/Library/Frameworks/OpenGL.framework/Versions/A/Libraries/libCoreVMClient.dylib
0x0000000005192000 	/usr/lib/libcups.2.dylib
0x0000000005192000 	/System/Library/Frameworks/Kerberos.framework/Versions/A/Kerberos
0x0000000005192000 	/System/Library/Frameworks/GSS.framework/Versions/A/GSS
0x0000000005192000 	/usr/lib/libresolv.9.dylib
0x0000000005192000 	/usr/lib/libiconv.2.dylib
0x0000000005192000 	/System/Library/PrivateFrameworks/Heimdal.framework/Versions/A/Heimdal
0x0000000005192000 	/usr/lib/libheimdal-asn1.dylib
0x0000000005192000 	/System/Library/Frameworks/OpenDirectory.framework/Versions/A/OpenDirectory
0x0000000005192000 	/System/Library/PrivateFrameworks/CommonAuth.framework/Versions/A/CommonAuth
0x0000000005192000 	/System/Library/Frameworks/OpenDirectory.framework/Versions/A/Frameworks/CFOpenDirectory.framework/Versions/A/CFOpenDirectory
0x0000000005192000 	/System/Library/Frameworks/SecurityFoundation.framework/Versions/A/SecurityFoundation
0x0000000005192000 	/System/Library/PrivateFrameworks/LanguageModeling.framework/Versions/A/LanguageModeling
0x0000000005192000 	/usr/lib/libcmph.dylib
0x0000000005192000 	/System/Library/Frameworks/ServiceManagement.framework/Versions/A/ServiceManagement
0x0000000005192000 	/usr/lib/libxslt.1.dylib
0x0000000005192000 	/System/Library/Frameworks/Carbon.framework/Versions/A/Frameworks/Ink.framework/Versions/A/Ink
0x0000000005192000 	/System/Library/Frameworks/QuartzCore.framework/Versions/A/Frameworks/CoreImage.framework/Versions/A/CoreImage
0x0000000005192000 	/System/Library/PrivateFrameworks/CrashReporterSupport.framework/Versions/A/CrashReporterSupport
0x0000000005192000 	/System/Library/Frameworks/OpenCL.framework/Versions/A/OpenCL
0x0000000005192000 	/System/Library/PrivateFrameworks/FaceCore.framework/Versions/A/FaceCore
0x0000000005192000 	/System/Library/PrivateFrameworks/Ubiquity.framework/Versions/A/Ubiquity
0x0000000005192000 	/System/Library/PrivateFrameworks/IconServices.framework/Versions/A/IconServices
0x0000000005192000 	/System/Library/PrivateFrameworks/ChunkingLibrary.framework/Versions/A/ChunkingLibrary
0x0000000005192000 	/System/Library/PrivateFrameworks/Apple80211.framework/Versions/A/Apple80211
0x0000000005192000 	/System/Library/Frameworks/CoreWLAN.framework/Versions/A/CoreWLAN
0x0000000005192000 	/System/Library/Frameworks/IOBluetooth.framework/Versions/A/IOBluetooth
0x0000000005192000 	/System/Library/PrivateFrameworks/CoreWiFi.framework/Versions/A/CoreWiFi
0x0000000005192000 	/System/Library/Frameworks/CoreBluetooth.framework/Versions/A/CoreBluetooth
0x0000000005192000 	/System/Library/PrivateFrameworks/DebugSymbols.framework/Versions/A/DebugSymbols
0x0000000005192000 	/System/Library/PrivateFrameworks/CoreSymbolication.framework/Versions/A/CoreSymbolication
0x0000000005192000 	/System/Library/PrivateFrameworks/Symbolication.framework/Versions/A/Symbolication
0x0000000005192000 	/System/Library/PrivateFrameworks/SpeechRecognitionCore.framework/Versions/A/SpeechRecognitionCore
0x000000010b600000 	/Library/Java/JavaVirtualMachines/jdk1.8.0_65.jdk/Contents/Home/jre/lib/server/libjvm.dylib
0x0000000005192000 	/usr/lib/libstdc++.6.dylib
0x000000010ad4b000 	/Library/Java/JavaVirtualMachines/jdk1.8.0_65.jdk/Contents/Home/jre/lib/libverify.dylib
0x000000010ad59000 	/Library/Java/JavaVirtualMachines/jdk1.8.0_65.jdk/Contents/Home/jre/lib/libjava.dylib
0x000000010ad8f000 	/Library/Java/JavaVirtualMachines/jdk1.8.0_65.jdk/Contents/Home/jre/lib/libjdwp.dylib
0x000000010adda000 	/Library/Java/JavaVirtualMachines/jdk1.8.0_65.jdk/Contents/Home/jre/lib/libnpt.dylib
0x000000010ade7000 	/Library/Java/JavaVirtualMachines/jdk1.8.0_65.jdk/Contents/Home/jre/lib/libzip.dylib
0x0000000122703000 	/System/Library/Frameworks/JavaVM.framework/Frameworks/JavaRuntimeSupport.framework/JavaRuntimeSupport
0x000000012271b000 	/System/Library/Frameworks/JavaVM.framework/Versions/A/Frameworks/JavaNativeFoundation.framework/Versions/A/JavaNativeFoundation
0x000000010adf1000 	/System/Library/Frameworks/JavaVM.framework/Versions/A/JavaVM
0x0000000005192000 	/System/Library/Frameworks/Carbon.framework/Versions/A/Carbon
0x0000000122730000 	/System/Library/PrivateFrameworks/JavaLaunching.framework/Versions/A/JavaLaunching
0x0000000005192000 	/System/Library/Frameworks/Carbon.framework/Versions/A/Frameworks/CommonPanels.framework/Versions/A/CommonPanels
0x0000000005192000 	/System/Library/Frameworks/Carbon.framework/Versions/A/Frameworks/Help.framework/Versions/A/Help
0x0000000005192000 	/System/Library/Frameworks/Carbon.framework/Versions/A/Frameworks/ImageCapture.framework/Versions/A/ImageCapture
0x0000000005192000 	/System/Library/Frameworks/Carbon.framework/Versions/A/Frameworks/OpenScripting.framework/Versions/A/OpenScripting
0x0000000005192000 	/System/Library/Frameworks/Carbon.framework/Versions/A/Frameworks/Print.framework/Versions/A/Print
0x0000000005192000 	/System/Library/Frameworks/Carbon.framework/Versions/A/Frameworks/SecurityHI.framework/Versions/A/SecurityHI
0x0000000122849000 	/Library/Java/JavaVirtualMachines/jdk1.8.0_65.jdk/Contents/Home/jre/lib/libdt_socket.dylib
0x000000012493d000 	/Library/Java/JavaVirtualMachines/jdk1.8.0_65.jdk/Contents/Home/jre/lib/libawt.dylib
0x00000001249e5000 	/Library/Java/JavaVirtualMachines/jdk1.8.0_65.jdk/Contents/Home/jre/lib/./libmlib_image.dylib
0x0000000124ab1000 	/Library/Java/JavaVirtualMachines/jdk1.8.0_65.jdk/Contents/Home/jre/lib/libawt_lwawt.dylib
0x0000000124b66000 	/Library/Java/JavaVirtualMachines/jdk1.8.0_65.jdk/Contents/Home/jre/lib/./libosxapp.dylib
0x0000000005192000 	/System/Library/Frameworks/ExceptionHandling.framework/Versions/A/ExceptionHandling
0x0000000005192000 	/System/Library/PrivateFrameworks/CoreServicesInternal.framework/Versions/A/CoreServicesInternal
0x0000000005192000 	/System/Library/PrivateFrameworks/CloudDocs.framework/Versions/A/CloudDocs
0x0000000005192000 	/System/Library/PrivateFrameworks/CoreDuet.framework/Versions/A/CoreDuet
0x0000000005192000 	/System/Library/Frameworks/CloudKit.framework/Versions/A/CloudKit
0x0000000005192000 	/System/Library/PrivateFrameworks/ProtocolBuffer.framework/Versions/A/ProtocolBuffer
0x0000000005192000 	/System/Library/PrivateFrameworks/CoreDuetDaemonProtocol.framework/Versions/A/CoreDuetDaemonProtocol
0x0000000005192000 	/System/Library/PrivateFrameworks/CoreDuetDebugLogging.framework/Versions/A/CoreDuetDebugLogging
0x0000000005192000 	/System/Library/PrivateFrameworks/MMCS.framework/Versions/A/MMCS
0x0000000005192000 	/System/Library/Frameworks/CoreLocation.framework/Versions/A/CoreLocation
0x0000000005192000 	/System/Library/PrivateFrameworks/ProtectedCloudStorage.framework/Versions/A/ProtectedCloudStorage
0x0000000005192000 	/System/Library/PrivateFrameworks/GeoServices.framework/Versions/A/GeoServices
0x0000000005192000 	/System/Library/Frameworks/CoreGraphics.framework/Versions/A/Resources/libCGCMS.A.dylib
0x0000000005192000 	/System/Library/Frameworks/CoreGraphics.framework/Versions/A/Resources/libRIP.A.dylib
0x0000000005192000 	/System/Library/CoreServices/RawCamera.bundle/Contents/MacOS/RawCamera
0x0000000005192000 	/System/Library/Frameworks/CoreGraphics.framework/Versions/A/Resources/libCGXType.A.dylib
0x0000000005192000 	/System/Library/Frameworks/OpenCL.framework/Versions/A/Libraries/libcldcpuengine.dylib
0x0000000005192000 	/System/Library/PrivateFrameworks/DiskImages.framework/Versions/A/DiskImages
0x0000000005192000 	/System/Library/Frameworks/DiscRecording.framework/Versions/A/DiscRecording
0x0000000005192000 	/usr/lib/libcsfde.dylib
0x0000000005192000 	/usr/lib/libcurl.4.dylib
0x0000000005192000 	/System/Library/PrivateFrameworks/MediaKit.framework/Versions/A/MediaKit
0x0000000005192000 	/usr/lib/libCoreStorage.dylib
0x0000000005192000 	/System/Library/PrivateFrameworks/EFILogin.framework/Versions/A/EFILogin
0x0000000005192000 	/usr/lib/libutil.dylib
0x0000000005192000 	/System/Library/PrivateFrameworks/FindMyDevice.framework/Versions/A/FindMyDevice
0x0000000005192000 	/System/Library/Frameworks/LDAP.framework/Versions/A/LDAP
0x0000000005192000 	/usr/lib/libsasl2.2.dylib
0x0000000005192000 	/System/Library/PrivateFrameworks/CoreDaemon.framework/Versions/B/CoreDaemon
0x0000000005192000 	/usr/lib/libcrypto.0.9.8.dylib
0x0000000005192000 	/System/Library/PrivateFrameworks/AppleSRP.framework/Versions/A/AppleSRP
0x0000000005192000 	/System/Library/PrivateFrameworks/TrustEvaluationAgent.framework/Versions/A/TrustEvaluationAgent
0x0000000128244000 	cl_kernels
0x0000000128246000 	/System/Library/Frameworks/OpenCL.framework/Versions/A/Libraries/ImageFormats/unorm8_bgra.dylib
0x0000000128235000 	cl_kernels
0x0000000005192000 	/System/Library/PrivateFrameworks/FamilyControls.framework/Versions/A/FamilyControls
0x0000000005192000 	/System/Library/PrivateFrameworks/CommerceKit.framework/Versions/A/Frameworks/CommerceCore.framework/Versions/A/CommerceCore
0x0000000005192000 	/System/Library/PrivateFrameworks/SystemAdministration.framework/Versions/A/SystemAdministration
0x0000000005192000 	/System/Library/PrivateFrameworks/AppContainer.framework/Versions/A/AppContainer
0x0000000005192000 	/System/Library/PrivateFrameworks/SecCodeWrapper.framework/Versions/A/SecCodeWrapper
0x0000000005192000 	/System/Library/Frameworks/DirectoryService.framework/Versions/A/DirectoryService
0x0000000005192000 	/System/Library/PrivateFrameworks/LoginUIKit.framework/Versions/A/Frameworks/LoginUICore.framework/Versions/A/LoginUICore
0x0000000005192000 	/usr/lib/libodfde.dylib
0x000000012948c000 	/Library/Java/JavaVirtualMachines/jdk1.8.0_65.jdk/Contents/Home/jre/lib/libfontmanager.dylib
0x0000000005192000 	/System/Library/Frameworks/OpenGL.framework/Versions/A/Resources/GLEngine.bundle/GLEngine
0x0000000005192000 	/System/Library/Frameworks/OpenGL.framework/Versions/A/Libraries/libGLProgrammability.dylib
0x00000001296f9000 	/System/Library/Extensions/AppleIntelHD4000GraphicsGLDriver.bundle/Contents/MacOS/AppleIntelHD4000GraphicsGLDriver
0x0000000005192000 	/System/Library/PrivateFrameworks/IOAccelerator.framework/Versions/A/IOAccelerator
0x0000000005192000 	/System/Library/PrivateFrameworks/GPUSupport.framework/Versions/A/Libraries/libGPUSupportMercury.dylib
0x0000000005192000 	/System/Library/Frameworks/OpenGL.framework/Versions/A/Resources/GLRendererFloat.bundle/GLRendererFloat
0x000000012a6cb000 	/Library/Java/JavaVirtualMachines/jdk1.8.0_65.jdk/Contents/Home/jre/lib/libosxui.dylib
0x000000012bd4a000 	/Library/Java/JavaVirtualMachines/jdk1.8.0_65.jdk/Contents/Home/jre/lib/libnet.dylib
0x000000012bda9000 	/Library/Java/JavaVirtualMachines/jdk1.8.0_65.jdk/Contents/Home/jre/lib/libnio.dylib
0x0000000005192000 	/System/Library/Frameworks/ApplicationServices.framework/Versions/A/Frameworks/ATS.framework/Versions/A/Resources/libTrueTypeScaler.dylib
0x0000000005192000 	/System/Library/Frameworks/Accelerate.framework/Versions/A/Frameworks/vImage.framework/Versions/A/Libraries/libCGInterfaces.dylib

VM Arguments:
jvm_args: -agentlib:jdwp=transport=dt_socket,suspend=y,address=localhost:58443 -ea -Dfile.encoding=UTF-8 
java_command: info.fulloo.trygve.editor.Main -gui
java_class_path (initial): /Users/cope/Programs/Java/workspace/trygve/bin:/Users/cope/.gradle/caches/modules-2/files-2.1/antlr/antlr/2.7.7/83cd2cd674a217ade95a4bb83a8a14f351f48bd0/antlr-2.7.7.jar:/Users/cope/Programs/Java/workspace/trygve/lib/antlr-runtime-4.5.1.jar
Launcher Type: SUN_STANDARD

Environment Variables:
PATH=/usr/bin:/bin:/usr/sbin:/sbin
SHELL=/bin/bash

Signal Handlers:
SIGSEGV: [libjvm.dylib+0x5a6d31], sa_mask[0]=11111111011111110111111111111111, sa_flags=SA_ONSTACK|SA_RESTART|SA_SIGINFO
SIGBUS: [libjvm.dylib+0x5a6d31], sa_mask[0]=11111111011111110111111111111111, sa_flags=SA_RESTART|SA_SIGINFO
SIGFPE: [libjvm.dylib+0x480a40], sa_mask[0]=11111111011111110111111111111111, sa_flags=SA_RESTART|SA_SIGINFO
SIGPIPE: [libjvm.dylib+0x480a40], sa_mask[0]=11111111011111110111111111111111, sa_flags=SA_RESTART|SA_SIGINFO
SIGXFSZ: [libjvm.dylib+0x480a40], sa_mask[0]=11111111011111110111111111111111, sa_flags=SA_RESTART|SA_SIGINFO
SIGILL: [libjvm.dylib+0x480a40], sa_mask[0]=11111111011111110111111111111111, sa_flags=SA_RESTART|SA_SIGINFO
SIGUSR1: SIG_DFL, sa_mask[0]=00000000000000000000000000000000, sa_flags=none
SIGUSR2: [libjvm.dylib+0x48055e], sa_mask[0]=00100000000000000000000000000000, sa_flags=SA_RESTART|SA_SIGINFO
SIGHUP: [libjvm.dylib+0x47eb35], sa_mask[0]=11111111011111110111111111111111, sa_flags=SA_RESTART|SA_SIGINFO
SIGINT: [libjvm.dylib+0x47eb35], sa_mask[0]=11111111011111110111111111111111, sa_flags=SA_RESTART|SA_SIGINFO
SIGTERM: [libjvm.dylib+0x47eb35], sa_mask[0]=11111111011111110111111111111111, sa_flags=SA_RESTART|SA_SIGINFO
SIGQUIT: [libjvm.dylib+0x47eb35], sa_mask[0]=11111111011111110111111111111111, sa_flags=SA_RESTART|SA_SIGINFO


---------------  S Y S T E M  ---------------

OS:Bsduname:Darwin 14.5.0 Darwin Kernel Version 14.5.0: Thu Apr 21 20:40:54 PDT 2016; root:xnu-2782.50.3~1/RELEASE_X86_64 x86_64
rlimit: STACK 8192k, CORE 0k, NPROC 709, NOFILE 10240, AS infinity
load average:1.64 1.66 1.65

CPU:total 4 (2 cores per cpu, 2 threads per core) family 6 model 58 stepping 9, cmov, cx8, fxsr, mmx, sse, sse2, sse3, ssse3, sse4.1, sse4.2, popcnt, avx, aes, clmul, erms, ht, tsc, tscinvbit, tscinv

Memory: 4k page, physical 8388608k(14752k free)

/proc/meminfo:


vm_info: Java HotSpot(TM) 64-Bit Server VM (25.65-b01) for bsd-amd64 JRE (1.8.0_65-b17), built on Oct  6 2015 15:36:46 by "java_re" with gcc 4.2.1 (Based on Apple Inc. build 5658) (LLVM build 2336.11.00)

time: Mon Jul 18 23:19:22 2016
elapsed time: 4575 seconds (0d 1h 16m 15s)

